Release 14.6 - xst P.68d (nt64)
Copyright (c) 1995-2013 Xilinx, Inc.  All rights reserved.
--> Parameter TMPDIR set to xst/projnav.tmp


Total REAL time to Xst completion: 0.00 secs
Total CPU time to Xst completion: 0.11 secs
 
--> Parameter xsthdpdir set to xst


Total REAL time to Xst completion: 0.00 secs
Total CPU time to Xst completion: 0.12 secs
 
--> Reading design: fp_converter.prj

TABLE OF CONTENTS
  1) Synthesis Options Summary
  2) HDL Parsing
  3) HDL Elaboration
  4) HDL Synthesis
       4.1) HDL Synthesis Report
  5) Advanced HDL Synthesis
       5.1) Advanced HDL Synthesis Report
  6) Low Level Synthesis
  7) Partition Report
  8) Design Summary
       8.1) Primitive and Black Box Usage
       8.2) Device utilization summary
       8.3) Partition Resource Summary
       8.4) Timing Report
            8.4.1) Clock Information
            8.4.2) Asynchronous Control Signals Information
            8.4.3) Timing Summary
            8.4.4) Timing Details
            8.4.5) Cross Clock Domains Report


=========================================================================
*                      Synthesis Options Summary                        *
=========================================================================
---- Source Parameters
Input File Name                    : "fp_converter.prj"
Ignore Synthesis Constraint File   : NO

---- Target Parameters
Output File Name                   : "fp_converter"
Output Format                      : NGC
Target Device                      : xc6slx16-3-csg324

---- Source Options
Top Module Name                    : fp_converter
Automatic FSM Extraction           : YES
FSM Encoding Algorithm             : Auto
Safe Implementation                : No
FSM Style                          : LUT
RAM Extraction                     : Yes
RAM Style                          : Auto
ROM Extraction                     : Yes
Shift Register Extraction          : YES
ROM Style                          : Auto
Resource Sharing                   : YES
Asynchronous To Synchronous        : NO
Shift Register Minimum Size        : 2
Use DSP Block                      : Auto
Automatic Register Balancing       : No

---- Target Options
LUT Combining                      : Auto
Reduce Control Sets                : Auto
Add IO Buffers                     : YES
Global Maximum Fanout              : 100000
Add Generic Clock Buffer(BUFG)     : 16
Register Duplication               : YES
Optimize Instantiated Primitives   : NO
Use Clock Enable                   : Auto
Use Synchronous Set                : Auto
Use Synchronous Reset              : Auto
Pack IO Registers into IOBs        : Auto
Equivalent register Removal        : YES

---- General Options
Optimization Goal                  : Speed
Optimization Effort                : 1
Power Reduction                    : NO
Keep Hierarchy                     : No
Netlist Hierarchy                  : As_Optimized
RTL Output                         : Yes
Global Optimization                : AllClockNets
Read Cores                         : YES
Write Timing Constraints           : NO
Cross Clock Analysis               : NO
Hierarchy Separator                : /
Bus Delimiter                      : <>
Case Specifier                     : Maintain
Slice Utilization Ratio            : 100
BRAM Utilization Ratio             : 100
DSP48 Utilization Ratio            : 100
Auto BRAM Packing                  : NO
Slice Utilization Ratio Delta      : 5

=========================================================================


=========================================================================
*                          HDL Parsing                                  *
=========================================================================
Analyzing Verilog file "C:\Users\152\Downloads\twos_to_sign_mag.v" into library work
Parsing module <twos_to_sign_mag>.
Analyzing Verilog file "C:\Users\152\Downloads\rounding.v" into library work
Parsing module <rounding>.
Analyzing Verilog file "C:\Users\152\Downloads\count_and_extract.v" into library work
Parsing module <count_and_extract>.
Analyzing Verilog file "C:\Users\152\Downloads\fp_converter.v" into library work
Parsing module <fp_converter>.

=========================================================================
*                            HDL Elaboration                            *
=========================================================================

Elaborating module <fp_converter>.
WARNING:HDLCompiler:604 - "C:\Users\152\Downloads\fp_converter.v" Line 18: Module instantiation should have an instance name

Elaborating module <twos_to_sign_mag>.
WARNING:HDLCompiler:604 - "C:\Users\152\Downloads\fp_converter.v" Line 23: Module instantiation should have an instance name

Elaborating module <count_and_extract>.
WARNING:HDLCompiler:413 - "C:\Users\152\Downloads\count_and_extract.v" Line 26: Result of 32-bit expression is truncated to fit in 1-bit target.
WARNING:HDLCompiler:604 - "C:\Users\152\Downloads\fp_converter.v" Line 29: Module instantiation should have an instance name

Elaborating module <rounding>.
WARNING:HDLCompiler:413 - "C:\Users\152\Downloads\rounding.v" Line 34: Result of 4-bit expression is truncated to fit in 3-bit target.
WARNING:HDLCompiler:413 - "C:\Users\152\Downloads\rounding.v" Line 40: Result of 5-bit expression is truncated to fit in 4-bit target.

=========================================================================
*                           HDL Synthesis                               *
=========================================================================

Synthesizing Unit <fp_converter>.
    Related source file is "C:\Users\152\Downloads\fp_converter.v".
    Summary:
	no macro.
Unit <fp_converter> synthesized.

Synthesizing Unit <twos_to_sign_mag>.
    Related source file is "C:\Users\152\Downloads\twos_to_sign_mag.v".
    Found 12-bit adder for signal <in[11]_GND_2_o_add_2_OUT> created at line 9.
    Summary:
	inferred   1 Adder/Subtractor(s).
	inferred   1 Multiplexer(s).
Unit <twos_to_sign_mag> synthesized.

Synthesizing Unit <count_and_extract>.
    Related source file is "C:\Users\152\Downloads\count_and_extract.v".
WARNING:Xst:647 - Input <a<11:11>> is never used. This port will be preserved and left unconnected if it belongs to a top-level block or it belongs to a sub-block and the hierarchy of this sub-block is preserved.
    Summary:
	inferred  20 Multiplexer(s).
Unit <count_and_extract> synthesized.

Synthesizing Unit <rounding>.
    Related source file is "C:\Users\152\Downloads\rounding.v".
    Found 3-bit adder for signal <exp[2]_GND_4_o_add_3_OUT> created at line 34.
    Found 4-bit adder for signal <sig[3]_PWR_4_o_add_6_OUT> created at line 40.
    Summary:
	inferred   2 Adder/Subtractor(s).
	inferred   5 Multiplexer(s).
Unit <rounding> synthesized.

=========================================================================
HDL Synthesis Report

Macro Statistics
# Adders/Subtractors                                   : 3
 12-bit adder                                          : 1
 3-bit adder                                           : 1
 4-bit adder                                           : 1
# Multiplexers                                         : 26
 12-bit 2-to-1 multiplexer                             : 1
 3-bit 2-to-1 multiplexer                              : 9
 32-bit 2-to-1 multiplexer                             : 7
 4-bit 2-to-1 multiplexer                              : 9

=========================================================================

=========================================================================
*                       Advanced HDL Synthesis                          *
=========================================================================


=========================================================================
Advanced HDL Synthesis Report

Macro Statistics
# Adders/Subtractors                                   : 3
 12-bit adder                                          : 1
 3-bit adder                                           : 1
 4-bit adder                                           : 1
# Multiplexers                                         : 26
 12-bit 2-to-1 multiplexer                             : 1
 3-bit 2-to-1 multiplexer                              : 9
 32-bit 2-to-1 multiplexer                             : 7
 4-bit 2-to-1 multiplexer                              : 9

=========================================================================

=========================================================================
*                         Low Level Synthesis                           *
=========================================================================

Optimizing unit <fp_converter> ...

Optimizing unit <twos_to_sign_mag> ...

Mapping all equations...
Building and optimizing final netlist ...
Found area constraint ratio of 100 (+ 5) on block fp_converter, actual ratio is 0.

Final Macro Processing ...

=========================================================================
Final Register Report

Found no macro
=========================================================================

=========================================================================
*                           Partition Report                            *
=========================================================================

Partition Implementation Status
-------------------------------

  No Partitions were found in this design.

-------------------------------

=========================================================================
*                            Design Summary                             *
=========================================================================

Top Level Output File Name         : fp_converter.ngc

Primitive and Black Box Usage:
------------------------------
# BELS                             : 73
#      GND                         : 1
#      INV                         : 10
#      LUT1                        : 1
#      LUT2                        : 1
#      LUT3                        : 11
#      LUT4                        : 1
#      LUT5                        : 10
#      LUT6                        : 16
#      MUXCY                       : 10
#      VCC                         : 1
#      XORCY                       : 11
# IO Buffers                       : 20
#      IBUF                        : 12
#      OBUF                        : 8

Device utilization summary:
---------------------------

Selected Device : 6slx16csg324-3 


Slice Logic Utilization: 
 Number of Slice LUTs:                   50  out of   9112     0%  
    Number used as Logic:                50  out of   9112     0%  

Slice Logic Distribution: 
 Number of LUT Flip Flop pairs used:     50
   Number with an unused Flip Flop:      50  out of     50   100%  
   Number with an unused LUT:             0  out of     50     0%  
   Number of fully used LUT-FF pairs:     0  out of     50     0%  
   Number of unique control sets:         0

IO Utilization: 
 Number of IOs:                          20
 Number of bonded IOBs:                  20  out of    232     8%  

Specific Feature Utilization:

---------------------------
Partition Resource Summary:
---------------------------

  No Partitions were found in this design.

---------------------------


=========================================================================
Timing Report

NOTE: THESE TIMING NUMBERS ARE ONLY A SYNTHESIS ESTIMATE.
      FOR ACCURATE TIMING INFORMATION PLEASE REFER TO THE TRACE REPORT
      GENERATED AFTER PLACE-and-ROUTE.

Clock Information:
------------------
No clock signals found in this design

Asynchronous Control Signals Information:
----------------------------------------
No asynchronous control signals found in this design

Timing Summary:
---------------
Speed Grade: -3

   Minimum period: No path found
   Minimum input arrival time before clock: No path found
   Maximum output required time after clock: No path found
   Maximum combinational path delay: 12.090ns

Timing Details:
---------------
All values displayed in nanoseconds (ns)

=========================================================================
Timing constraint: Default path analysis
  Total number of paths / destination ports: 5441 / 8
-------------------------------------------------------------------------
Delay:               12.090ns (Levels of Logic = 16)
  Source:            D<0> (PAD)
  Destination:       F<2> (PAD)

  Data Path: D<0> to F<2>
                                Gate     Net
    Cell:in->out      fanout   Delay   Delay  Logical Name (Net Name)
    ----------------------------------------  ------------
     IBUF:I->O             2   1.222   0.617  D_0_IBUF (D_0_IBUF)
     LUT1:I0->O            1   0.205   0.000  _i000001/Madd_in[11]_GND_2_o_add_2_OUT_cy<0>_rt (_i000001/Madd_in[11]_GND_2_o_add_2_OUT_cy<0>_rt)
     MUXCY:S->O            1   0.172   0.000  _i000001/Madd_in[11]_GND_2_o_add_2_OUT_cy<0> (_i000001/Madd_in[11]_GND_2_o_add_2_OUT_cy<0>)
     MUXCY:CI->O           1   0.019   0.000  _i000001/Madd_in[11]_GND_2_o_add_2_OUT_cy<1> (_i000001/Madd_in[11]_GND_2_o_add_2_OUT_cy<1>)
     MUXCY:CI->O           1   0.019   0.000  _i000001/Madd_in[11]_GND_2_o_add_2_OUT_cy<2> (_i000001/Madd_in[11]_GND_2_o_add_2_OUT_cy<2>)
     MUXCY:CI->O           1   0.019   0.000  _i000001/Madd_in[11]_GND_2_o_add_2_OUT_cy<3> (_i000001/Madd_in[11]_GND_2_o_add_2_OUT_cy<3>)
     MUXCY:CI->O           1   0.019   0.000  _i000001/Madd_in[11]_GND_2_o_add_2_OUT_cy<4> (_i000001/Madd_in[11]_GND_2_o_add_2_OUT_cy<4>)
     MUXCY:CI->O           1   0.019   0.000  _i000001/Madd_in[11]_GND_2_o_add_2_OUT_cy<5> (_i000001/Madd_in[11]_GND_2_o_add_2_OUT_cy<5>)
     XORCY:CI->O           1   0.180   0.580  _i000001/Madd_in[11]_GND_2_o_add_2_OUT_xor<6> (_i000001/in[11]_GND_2_o_add_2_OUT<6>)
     LUT3:I2->O           21   0.205   1.342  _i000001/Mmux_out91 (temp_out<6>)
     LUT5:I2->O            1   0.205   0.827  _i000002/Mmux_significand52 (_i000002/Mmux_significand51)
     LUT6:I2->O            1   0.203   0.580  _i000002/Mmux_significand55_SW0 (N12)
     LUT6:I5->O            4   0.205   0.788  _i000002/Mmux_significand55 (temp_sig<1>)
     LUT4:I2->O            6   0.203   1.109  _i000003/sig[3]_PWR_4_o_equal_2_o<3>1 (_i000003/sig[3]_PWR_4_o_equal_2_o)
     LUT6:I0->O            1   0.203   0.579  _i000003/Mmux_out_sig3 (F_2_OBUF)
     OBUF:I->O                 2.571          F_2_OBUF (F<2>)
    ----------------------------------------
    Total                     12.090ns (5.669ns logic, 6.421ns route)
                                       (46.9% logic, 53.1% route)

=========================================================================

Cross Clock Domains Report:
--------------------------

=========================================================================


Total REAL time to Xst completion: 8.00 secs
Total CPU time to Xst completion: 7.95 secs
 
--> 

Total memory usage is 257228 kilobytes

Number of errors   :    0 (   0 filtered)
Number of warnings :    7 (   0 filtered)
Number of infos    :    0 (   0 filtered)

