--------------------------------------------------------------------------------
Release 14.6 Trace  (nt64)
Copyright (c) 1995-2013 Xilinx, Inc.  All rights reserved.

C:\Xilinx\14.6\ISE_DS\ISE\bin\nt64\unwrapped\trce.exe -intstyle ise -v 3 -s 3
-n 3 -fastpaths -xml combinational_gates_muxed.twx
combinational_gates_muxed.ncd -o combinational_gates_muxed.twr
combinational_gates_muxed.pcf

Design file:              combinational_gates_muxed.ncd
Physical constraint file: combinational_gates_muxed.pcf
Device,package,speed:     xc6slx16,csg324,C,-3 (PRODUCTION 1.23 2013-06-08)
Report level:             verbose report

Environment Variable      Effect 
--------------------      ------ 
NONE                      No environment variables were set
--------------------------------------------------------------------------------

INFO:Timing:2698 - No timing constraints found, doing default enumeration.
INFO:Timing:3412 - To improve timing, see the Timing Closure User Guide (UG612).
INFO:Timing:2752 - To get complete path coverage, use the unconstrained paths 
   option. All paths that are not constrained will be reported in the 
   unconstrained paths section(s) of the report.
INFO:Timing:3339 - The clock-to-out numbers in this timing report are based on 
   a 50 Ohm transmission line loading model.  For the details of this model, 
   and for more information on accounting for different loading conditions, 
   please see the device datasheet.



Data Sheet report:
-----------------
All values displayed in nanoseconds (ns)

Pad to Pad
---------------+---------------+---------+
Source Pad     |Destination Pad|  Delay  |
---------------+---------------+---------+
sw<0>          |led            |    8.677|
sw<1>          |led            |    8.606|
sw<2>          |led            |    8.173|
sw<3>          |led            |    8.599|
sw<4>          |led            |    8.359|
---------------+---------------+---------+


Analysis completed Thu Apr 07 10:53:25 2016 
--------------------------------------------------------------------------------

Trace Settings:
-------------------------
Trace Settings 

Peak Memory Usage: 218 MB



